Build started 10/06/2012 11:52:13 AM.
     1>Project "E:\Documents\Education\Concordia\COMP 6761\Connect4Project\Connect4Project\Connect4Project.vcxproj" on node 2 (build target(s)).
     1>InitializeBuildStatus:
         Touching "x64\Debug\Connect4Project.unsuccessfulbuild".
       ClCompile:
         c:\Program Files (x86)\Microsoft Visual Studio 10.0\VC\bin\x86_amd64\CL.exe /c /Zi /nologo /W3 /WX- /Od /D WIN32 /D _DEBUG /D _CONSOLE /D _UNICODE /D UNICODE /Gm /EHsc /RTC1 /MDd /GS /fp:precise /Zc:wchar_t /Zc:forScope /Fo"x64\Debug\\" /Fd"x64\Debug\vc100.pdb" /Gd /TP /errorReport:prompt gl_operations.cpp
         gl_operations.cpp
     1>gl_operations.cpp(83): warning C4305: 'initializing' : truncation from 'double' to 'GLfloat'
     1>gl_operations.cpp(83): warning C4305: 'initializing' : truncation from 'double' to 'GLfloat'
     1>gl_operations.cpp(83): warning C4305: 'initializing' : truncation from 'double' to 'GLfloat'
     1>gl_operations.cpp(84): warning C4305: 'initializing' : truncation from 'double' to 'GLfloat'
     1>gl_operations.cpp(84): warning C4305: 'initializing' : truncation from 'double' to 'GLfloat'
     1>gl_operations.cpp(84): warning C4305: 'initializing' : truncation from 'double' to 'GLfloat'
       ManifestResourceCompile:
         All outputs are up-to-date.
       Link:
         c:\Program Files (x86)\Microsoft Visual Studio 10.0\VC\bin\x86_amd64\link.exe /ERRORREPORT:PROMPT /OUT:"E:\Documents\Education\Concordia\COMP 6761\Connect4Project\x64\Debug\Connect4Project.exe" /INCREMENTAL /NOLOGO /LIBPATH:"F:\Libraries\freeglut-2.8.0\lib\x64\Debug" kernel32.lib user32.lib gdi32.lib winspool.lib comdlg32.lib advapi32.lib shell32.lib ole32.lib oleaut32.lib uuid.lib odbc32.lib odbccp32.lib opengl32.lib glu32.lib freeglut.lib kernel32.lib user32.lib gdi32.lib winspool.lib comdlg32.lib advapi32.lib shell32.lib ole32.lib oleaut32.lib uuid.lib odbc32.lib odbccp32.lib /MANIFEST /ManifestFile:"x64\Debug\Connect4Project.exe.intermediate.manifest" /MANIFESTUAC:"level='asInvoker' uiAccess='false'" /DEBUG /PDB:"E:\Documents\Education\Concordia\COMP 6761\Connect4Project\x64\Debug\Connect4Project.pdb" /SUBSYSTEM:CONSOLE /TLBID:1 /DYNAMICBASE /NXCOMPAT /IMPLIB:"E:\Documents\Education\Concordia\COMP 6761\Connect4Project\x64\Debug\Connect4Project.lib" /MACHINE:X64 x64\Debug\Connect4Project.exe.embed.manifest.res
         x64\Debug\application.obj
         x64\Debug\camera.obj
         x64\Debug\cell.obj
         x64\Debug\game_board.obj
         x64\Debug\gl_operations.obj
         x64\Debug\light.obj
         x64\Debug\main.obj
         x64\Debug\point3d.obj
         x64\Debug\scene.obj
         x64\Debug\state.obj
         x64\Debug\vertex.obj
         Connect4Project.vcxproj -> E:\Documents\Education\Concordia\COMP 6761\Connect4Project\x64\Debug\Connect4Project.exe
       Manifest:
         C:\Program Files (x86)\Microsoft SDKs\Windows\v7.0A\bin\mt.exe /nologo /verbose /out:"x64\Debug\Connect4Project.exe.embed.manifest" /manifest x64\Debug\Connect4Project.exe.intermediate.manifest
         All outputs are up-to-date.
       LinkEmbedManifest:
         All outputs are up-to-date.
         Connect4Project.vcxproj -> E:\Documents\Education\Concordia\COMP 6761\Connect4Project\x64\Debug\Connect4Project.exe
       FinalizeBuildStatus:
         Deleting file "x64\Debug\Connect4Project.unsuccessfulbuild".
         Touching "x64\Debug\Connect4Project.lastbuildstate".
     1>Done Building Project "E:\Documents\Education\Concordia\COMP 6761\Connect4Project\Connect4Project\Connect4Project.vcxproj" (build target(s)).

Build succeeded.

Time Elapsed 00:00:01.16
