E:\DOCUMENTS\EDUCATION\CONCORDIA\COMP 6761\CONNECT4PROJECT\CONNECT4PROJECT\X64\DEBUG\APPLICATION.OBJ
E:\DOCUMENTS\EDUCATION\CONCORDIA\COMP 6761\CONNECT4PROJECT\CONNECT4PROJECT\X64\DEBUG\CAMERA.OBJ
E:\Documents\Education\Concordia\COMP 6761\Connect4Project\Connect4Project\x64\Debug\cl.command.1.tlog
E:\Documents\Education\Concordia\COMP 6761\Connect4Project\Connect4Project\x64\Debug\CL.read.1.tlog
E:\Documents\Education\Concordia\COMP 6761\Connect4Project\Connect4Project\x64\Debug\CL.write.1.tlog
E:\DOCUMENTS\EDUCATION\CONCORDIA\COMP 6761\CONNECT4PROJECT\CONNECT4PROJECT\X64\DEBUG\CONNECT4PROJECT.EXE.EMBED.MANIFEST
E:\DOCUMENTS\EDUCATION\CONCORDIA\COMP 6761\CONNECT4PROJECT\CONNECT4PROJECT\X64\DEBUG\CONNECT4PROJECT.EXE.EMBED.MANIFEST.RES
E:\DOCUMENTS\EDUCATION\CONCORDIA\COMP 6761\CONNECT4PROJECT\CONNECT4PROJECT\X64\DEBUG\CONNECT4PROJECT.EXE.INTERMEDIATE.MANIFEST
E:\Documents\Education\Concordia\COMP 6761\Connect4Project\Connect4Project\x64\Debug\Connect4Project_manifest.rc
E:\DOCUMENTS\EDUCATION\CONCORDIA\COMP 6761\CONNECT4PROJECT\CONNECT4PROJECT\X64\DEBUG\GL_OPERATIONS.OBJ
E:\DOCUMENTS\EDUCATION\CONCORDIA\COMP 6761\CONNECT4PROJECT\CONNECT4PROJECT\X64\DEBUG\LIGHT.OBJ
E:\Documents\Education\Concordia\COMP 6761\Connect4Project\Connect4Project\x64\Debug\link.2392.read.1.tlog
E:\Documents\Education\Concordia\COMP 6761\Connect4Project\Connect4Project\x64\Debug\link.2392.write.1.tlog
E:\Documents\Education\Concordia\COMP 6761\Connect4Project\Connect4Project\x64\Debug\link.2392-cvtres.read.1.tlog
E:\Documents\Education\Concordia\COMP 6761\Connect4Project\Connect4Project\x64\Debug\link.2392-cvtres.write.1.tlog
E:\Documents\Education\Concordia\COMP 6761\Connect4Project\Connect4Project\x64\Debug\link.command.1.tlog
E:\Documents\Education\Concordia\COMP 6761\Connect4Project\Connect4Project\x64\Debug\link.read.1.tlog
E:\Documents\Education\Concordia\COMP 6761\Connect4Project\Connect4Project\x64\Debug\link.write.1.tlog
E:\Documents\Education\Concordia\COMP 6761\Connect4Project\Connect4Project\x64\Debug\link-cvtres.read.1.tlog
E:\Documents\Education\Concordia\COMP 6761\Connect4Project\Connect4Project\x64\Debug\link-cvtres.write.1.tlog
E:\DOCUMENTS\EDUCATION\CONCORDIA\COMP 6761\CONNECT4PROJECT\CONNECT4PROJECT\X64\DEBUG\MAIN.OBJ
E:\Documents\Education\Concordia\COMP 6761\Connect4Project\Connect4Project\x64\Debug\mt.command.1.tlog
E:\Documents\Education\Concordia\COMP 6761\Connect4Project\Connect4Project\x64\Debug\mt.read.1.tlog
E:\Documents\Education\Concordia\COMP 6761\Connect4Project\Connect4Project\x64\Debug\mt.write.1.tlog
E:\DOCUMENTS\EDUCATION\CONCORDIA\COMP 6761\CONNECT4PROJECT\CONNECT4PROJECT\X64\DEBUG\POINT3D.OBJ
E:\Documents\Education\Concordia\COMP 6761\Connect4Project\Connect4Project\x64\Debug\rc.command.1.tlog
E:\Documents\Education\Concordia\COMP 6761\Connect4Project\Connect4Project\x64\Debug\rc.read.1.tlog
E:\Documents\Education\Concordia\COMP 6761\Connect4Project\Connect4Project\x64\Debug\rc.write.1.tlog
E:\DOCUMENTS\EDUCATION\CONCORDIA\COMP 6761\CONNECT4PROJECT\CONNECT4PROJECT\X64\DEBUG\SCENE.OBJ
E:\Documents\Education\Concordia\COMP 6761\Connect4Project\Connect4Project\x64\Debug\vc100.idb
E:\DOCUMENTS\EDUCATION\CONCORDIA\COMP 6761\CONNECT4PROJECT\CONNECT4PROJECT\X64\DEBUG\VC100.PDB
E:\DOCUMENTS\EDUCATION\CONCORDIA\COMP 6761\CONNECT4PROJECT\CONNECT4PROJECT\X64\DEBUG\VERTEX.OBJ
E:\DOCUMENTS\EDUCATION\CONCORDIA\COMP 6761\CONNECT4PROJECT\X64\DEBUG\CONNECT4PROJECT.EXE
E:\DOCUMENTS\EDUCATION\CONCORDIA\COMP 6761\CONNECT4PROJECT\X64\DEBUG\CONNECT4PROJECT.ILK
E:\DOCUMENTS\EDUCATION\CONCORDIA\COMP 6761\CONNECT4PROJECT\X64\DEBUG\CONNECT4PROJECT.PDB
